<?xml version="1.0" encoding="UTF-8"?>
<testsuite xmlns:xsi="http://www.w3.org/2001/XMLSchema-instance" xsi:noNamespaceSchemaLocation="https://maven.apache.org/surefire/maven-surefire-plugin/xsd/surefire-test-report.xsd" name="TestSuite" time="8.663" tests="7" errors="0" skipped="5" failures="1">
  <properties>
[...]
</properties>
  <testcase name="loginTrue" classname="com.sap.cases.LoginTest" time="4.195">
    <failure message="Connection to http://localhost:8889 refused" type="org.apache.http.conn.HttpHostConnectException">org.apache.http.conn.HttpHostConnectException: Connection to http://localhost:8889 refused
	at com.sap.cases.LoginTest.getResult(LoginTest.java:59)
	at com.sap.cases.LoginTest.loginTrue(LoginTest.java:43)
Caused by: java.net.ConnectException: Connection refused: connect
	at com.sap.cases.LoginTest.getResult(LoginTest.java:59)
	at com.sap.cases.LoginTest.loginTrue(LoginTest.java:43)
</failure>
    <system-out><![CDATA[[TestNGContentHandler] [WARN] It is strongly recommended to add "<!DOCTYPE suite SYSTEM "http://testng.org/testng-1.0.dtd" >" at the top of your file, otherwise TestNG may fail or not work as expected.
LoginCase(id=1, userName=zhangsan, password=123456, expected=true)
http://localhost:8889/v1/login
]]></system-out>
  </testcase>
  <testcase name="loginFalse" classname="com.sap.cases.LoginTest" time="0.079"/>
  <testcase name="addUser" classname="com.sap.cases.AddUserTest" time="0">
    <skipped message="Method AddUserTest.addUser()[pri:0, instance:com.sap.cases.AddUserTest@5315b42e] depends on not successfully finished methods in group &quot;loginTrue&quot;"/>
  </testcase>
  <testcase name="getUserInfo" classname="com.sap.cases.GetUserInfoTest" time="0">
    <skipped message="Method GetUserInfoTest.getUserInfo()[pri:0, instance:com.sap.cases.GetUserInfoTest@5d624da6] depends on not successfully finished methods in group &quot;loginTrue&quot;"/>
  </testcase>
  <testcase name="updateUserInfo" classname="com.sap.cases.UpdateUserInfoTest" time="0">
    <skipped message="Method UpdateUserInfoTest.updateUserInfo()[pri:0, instance:com.sap.cases.UpdateUserInfoTest@1e67b872] depends on not successfully finished methods in group &quot;loginTrue&quot;"/>
  </testcase>
  <testcase name="deleteUser" classname="com.sap.cases.UpdateUserInfoTest" time="0">
    <skipped message="Method UpdateUserInfoTest.deleteUser()[pri:0, instance:com.sap.cases.UpdateUserInfoTest@1e67b872] depends on not successfully finished methods in group &quot;loginTrue&quot;"/>
  </testcase>
  <testcase name="getUserListInfo" classname="com.sap.cases.GetUserInfoListTest" time="0">
    <skipped message="Method GetUserInfoListTest.getUserListInfo()[pri:0, instance:com.sap.cases.GetUserInfoListTest@60addb54] depends on not successfully finished methods in group &quot;loginTrue&quot;"/>
  </testcase>
</testsuite>